c:\users\ankit gupta\desktop\proj\project2\project2\x64\debug\vc143.pdb
c:\users\ankit gupta\desktop\proj\project2\project2\x64\debug\vc143.idb
c:\users\ankit gupta\desktop\proj\project2\project2\x64\debug\source.obj
c:\users\ankit gupta\desktop\proj\project2\project2\x64\debug\sorry.obj
c:\users\ankit gupta\desktop\proj\project2\project2\x64\debug\pvp.obj
c:\users\ankit gupta\desktop\proj\project2\project2\x64\debug\player.obj
c:\users\ankit gupta\desktop\proj\project2\project2\x64\debug\placeship.obj
c:\users\ankit gupta\desktop\proj\project2\project2\x64\debug\mainmenu.obj
c:\users\ankit gupta\desktop\proj\project2\project2\x64\debug\logger.obj
c:\users\ankit gupta\desktop\proj\project2\project2\x64\debug\game.obj
c:\users\ankit gupta\desktop\proj\project2\project2\x64\debug\board.obj
c:\users\ankit gupta\desktop\proj\project2\project2\x64\debug\battleship.ilk
c:\users\ankit gupta\desktop\proj\project2\x64\debug\battleship.exe
c:\users\ankit gupta\desktop\proj\project2\x64\debug\battleship.pdb
c:\users\ankit gupta\desktop\proj\project2\project2\x64\debug\battleship.tlog\cl.command.1.tlog
c:\users\ankit gupta\desktop\proj\project2\project2\x64\debug\battleship.tlog\cl.read.1.tlog
c:\users\ankit gupta\desktop\proj\project2\project2\x64\debug\battleship.tlog\cl.write.1.tlog
c:\users\ankit gupta\desktop\proj\project2\project2\x64\debug\battleship.tlog\link.command.1.tlog
c:\users\ankit gupta\desktop\proj\project2\project2\x64\debug\battleship.tlog\link.read.1.tlog
c:\users\ankit gupta\desktop\proj\project2\project2\x64\debug\battleship.tlog\link.write.1.tlog
